<?xml version="1.0" encoding="UTF-8"?>
<testsuite xmlns:xsi="http://www.w3.org/2001/XMLSchema-instance" xsi:noNamespaceSchemaLocation="https://maven.apache.org/surefire/maven-surefire-plugin/xsd/surefire-test-report-3.0.xsd" version="3.0" name="TestSuite" time="382.311" tests="14" errors="0" skipped="0" failures="2">
  <properties>
    <property name="java.specification.version" value="17"/>
    <property name="webdriver.chrome.driver" value="C:\Users\toadh\chromedriver-win64_1\chromedriver.exe"/>
    <property name="sun.cpu.isalist" value="amd64"/>
    <property name="sun.jnu.encoding" value="Cp1252"/>
    <property name="java.class.path" value="C:\Users\toadh\git\SeleniumTesting\AmazonTesting\amazon\target\test-classes;C:\Users\toadh\git\SeleniumTesting\AmazonTesting\amazon\target\classes;C:\Users\toadh\.m2\repository\org\testng\testng\7.8.0\testng-7.8.0.jar;C:\Users\toadh\.m2\repository\org\slf4j\slf4j-api\1.7.36\slf4j-api-1.7.36.jar;C:\Users\toadh\.m2\repository\com\beust\jcommander\1.82\jcommander-1.82.jar;C:\Users\toadh\.m2\repository\org\webjars\jquery\3.6.1\jquery-3.6.1.jar;C:\Users\toadh\.m2\repository\org\seleniumhq\selenium\selenium-java\4.13.0\selenium-java-4.13.0.jar;C:\Users\toadh\.m2\repository\org\seleniumhq\selenium\selenium-api\4.13.0\selenium-api-4.13.0.jar;C:\Users\toadh\.m2\repository\org\seleniumhq\selenium\selenium-devtools-v115\4.13.0\selenium-devtools-v115-4.13.0.jar;C:\Users\toadh\.m2\repository\org\seleniumhq\selenium\selenium-devtools-v116\4.13.0\selenium-devtools-v116-4.13.0.jar;C:\Users\toadh\.m2\repository\org\seleniumhq\selenium\selenium-devtools-v117\4.13.0\selenium-devtools-v117-4.13.0.jar;C:\Users\toadh\.m2\repository\org\seleniumhq\selenium\selenium-devtools-v85\4.13.0\selenium-devtools-v85-4.13.0.jar;C:\Users\toadh\.m2\repository\org\seleniumhq\selenium\selenium-ie-driver\4.13.0\selenium-ie-driver-4.13.0.jar;C:\Users\toadh\.m2\repository\org\seleniumhq\selenium\selenium-remote-driver\4.13.0\selenium-remote-driver-4.13.0.jar;C:\Users\toadh\.m2\repository\io\netty\netty-buffer\4.1.96.Final\netty-buffer-4.1.96.Final.jar;C:\Users\toadh\.m2\repository\io\netty\netty-codec-http\4.1.96.Final\netty-codec-http-4.1.96.Final.jar;C:\Users\toadh\.m2\repository\io\netty\netty-codec\4.1.96.Final\netty-codec-4.1.96.Final.jar;C:\Users\toadh\.m2\repository\io\netty\netty-handler\4.1.96.Final\netty-handler-4.1.96.Final.jar;C:\Users\toadh\.m2\repository\io\netty\netty-common\4.1.96.Final\netty-common-4.1.96.Final.jar;C:\Users\toadh\.m2\repository\io\netty\netty-transport-classes-epoll\4.1.96.Final\netty-transport-classes-epoll-4.1.96.Final.jar;C:\Users\toadh\.m2\repository\io\netty\netty-transport-classes-kqueue\4.1.96.Final\netty-transport-classes-kqueue-4.1.96.Final.jar;C:\Users\toadh\.m2\repository\io\netty\netty-transport-native-epoll\4.1.96.Final\netty-transport-native-epoll-4.1.96.Final.jar;C:\Users\toadh\.m2\repository\io\netty\netty-transport-native-kqueue\4.1.96.Final\netty-transport-native-kqueue-4.1.96.Final.jar;C:\Users\toadh\.m2\repository\io\netty\netty-transport-native-unix-common\4.1.96.Final\netty-transport-native-unix-common-4.1.96.Final.jar;C:\Users\toadh\.m2\repository\io\netty\netty-transport\4.1.96.Final\netty-transport-4.1.96.Final.jar;C:\Users\toadh\.m2\repository\io\netty\netty-resolver\4.1.96.Final\netty-resolver-4.1.96.Final.jar;C:\Users\toadh\.m2\repository\io\opentelemetry\opentelemetry-api\1.28.0\opentelemetry-api-1.28.0.jar;C:\Users\toadh\.m2\repository\io\opentelemetry\opentelemetry-context\1.28.0\opentelemetry-context-1.28.0.jar;C:\Users\toadh\.m2\repository\io\opentelemetry\opentelemetry-exporter-logging\1.28.0\opentelemetry-exporter-logging-1.28.0.jar;C:\Users\toadh\.m2\repository\io\opentelemetry\opentelemetry-sdk-metrics\1.28.0\opentelemetry-sdk-metrics-1.28.0.jar;C:\Users\toadh\.m2\repository\io\opentelemetry\opentelemetry-extension-incubator\1.28.0-alpha\opentelemetry-extension-incubator-1.28.0-alpha.jar;C:\Users\toadh\.m2\repository\io\opentelemetry\opentelemetry-sdk-logs\1.28.0\opentelemetry-sdk-logs-1.28.0.jar;C:\Users\toadh\.m2\repository\io\opentelemetry\opentelemetry-sdk-common\1.28.0\opentelemetry-sdk-common-1.28.0.jar;C:\Users\toadh\.m2\repository\io\opentelemetry\opentelemetry-sdk-extension-autoconfigure-spi\1.28.0\opentelemetry-sdk-extension-autoconfigure-spi-1.28.0.jar;C:\Users\toadh\.m2\repository\io\opentelemetry\opentelemetry-sdk-extension-autoconfigure\1.28.0\opentelemetry-sdk-extension-autoconfigure-1.28.0.jar;C:\Users\toadh\.m2\repository\io\opentelemetry\opentelemetry-api-events\1.28.0-alpha\opentelemetry-api-events-1.28.0-alpha.jar;C:\Users\toadh\.m2\repository\io\opentelemetry\opentelemetry-sdk-trace\1.28.0\opentelemetry-sdk-trace-1.28.0.jar;C:\Users\toadh\.m2\repository\io\opentelemetry\opentelemetry-sdk\1.28.0\opentelemetry-sdk-1.28.0.jar;C:\Users\toadh\.m2\repository\io\opentelemetry\opentelemetry-semconv\1.28.0-alpha\opentelemetry-semconv-1.28.0-alpha.jar;C:\Users\toadh\.m2\repository\net\bytebuddy\byte-buddy\1.14.5\byte-buddy-1.14.5.jar;C:\Users\toadh\.m2\repository\org\asynchttpclient\async-http-client\2.12.3\async-http-client-2.12.3.jar;C:\Users\toadh\.m2\repository\org\asynchttpclient\async-http-client-netty-utils\2.12.3\async-http-client-netty-utils-2.12.3.jar;C:\Users\toadh\.m2\repository\io\netty\netty-codec-socks\4.1.60.Final\netty-codec-socks-4.1.60.Final.jar;C:\Users\toadh\.m2\repository\io\netty\netty-handler-proxy\4.1.60.Final\netty-handler-proxy-4.1.60.Final.jar;C:\Users\toadh\.m2\repository\io\netty\netty-transport-native-epoll\4.1.60.Final\netty-transport-native-epoll-4.1.60.Final-linux-x86_64.jar;C:\Users\toadh\.m2\repository\io\netty\netty-transport-native-kqueue\4.1.60.Final\netty-transport-native-kqueue-4.1.60.Final-osx-x86_64.jar;C:\Users\toadh\.m2\repository\org\reactivestreams\reactive-streams\1.0.3\reactive-streams-1.0.3.jar;C:\Users\toadh\.m2\repository\com\typesafe\netty\netty-reactive-streams\2.0.4\netty-reactive-streams-2.0.4.jar;C:\Users\toadh\.m2\repository\com\sun\activation\jakarta.activation\1.2.2\jakarta.activation-1.2.2.jar;C:\Users\toadh\.m2\repository\org\seleniumhq\selenium\selenium-os\4.13.0\selenium-os-4.13.0.jar;C:\Users\toadh\.m2\repository\org\apache\commons\commons-exec\1.3\commons-exec-1.3.jar;C:\Users\toadh\.m2\repository\org\seleniumhq\selenium\selenium-safari-driver\4.13.0\selenium-safari-driver-4.13.0.jar;C:\Users\toadh\.m2\repository\org\seleniumhq\selenium\selenium-support\4.13.0\selenium-support-4.13.0.jar;C:\Users\toadh\.m2\repository\org\seleniumhq\selenium\selenium-chrome-driver\4.13.0\selenium-chrome-driver-4.13.0.jar;C:\Users\toadh\.m2\repository\com\google\auto\service\auto-service-annotations\1.1.1\auto-service-annotations-1.1.1.jar;C:\Users\toadh\.m2\repository\com\google\guava\guava\32.1.2-jre\guava-32.1.2-jre.jar;C:\Users\toadh\.m2\repository\com\google\guava\failureaccess\1.0.1\failureaccess-1.0.1.jar;C:\Users\toadh\.m2\repository\com\google\guava\listenablefuture\9999.0-empty-to-avoid-conflict-with-guava\listenablefuture-9999.0-empty-to-avoid-conflict-with-guava.jar;C:\Users\toadh\.m2\repository\com\google\code\findbugs\jsr305\3.0.2\jsr305-3.0.2.jar;C:\Users\toadh\.m2\repository\org\checkerframework\checker-qual\3.33.0\checker-qual-3.33.0.jar;C:\Users\toadh\.m2\repository\com\google\errorprone\error_prone_annotations\2.18.0\error_prone_annotations-2.18.0.jar;C:\Users\toadh\.m2\repository\com\google\j2objc\j2objc-annotations\2.8\j2objc-annotations-2.8.jar;C:\Users\toadh\.m2\repository\org\seleniumhq\selenium\selenium-chromium-driver\4.13.0\selenium-chromium-driver-4.13.0.jar;C:\Users\toadh\.m2\repository\org\seleniumhq\selenium\selenium-json\4.13.0\selenium-json-4.13.0.jar;C:\Users\toadh\.m2\repository\org\seleniumhq\selenium\selenium-manager\4.13.0\selenium-manager-4.13.0.jar;C:\Users\toadh\.m2\repository\org\seleniumhq\selenium\selenium-firefox-driver\4.13.0\selenium-firefox-driver-4.13.0.jar;C:\Users\toadh\.m2\repository\org\seleniumhq\selenium\selenium-http\4.13.0\selenium-http-4.13.0.jar;C:\Users\toadh\.m2\repository\dev\failsafe\failsafe\3.3.2\failsafe-3.3.2.jar;C:\Users\toadh\.m2\repository\org\seleniumhq\selenium\selenium-edge-driver\4.13.0\selenium-edge-driver-4.13.0.jar;C:\Users\toadh\.m2\repository\io\github\bonigarcia\webdrivermanager\5.0.3\webdrivermanager-5.0.3.jar;C:\Users\toadh\.m2\repository\com\google\code\gson\gson\2.8.8\gson-2.8.8.jar;C:\Users\toadh\.m2\repository\org\jsoup\jsoup\1.14.2\jsoup-1.14.2.jar;C:\Users\toadh\.m2\repository\com\github\docker-java\docker-java\3.2.12\docker-java-3.2.12.jar;C:\Users\toadh\.m2\repository\com\github\docker-java\docker-java-core\3.2.12\docker-java-core-3.2.12.jar;C:\Users\toadh\.m2\repository\com\github\docker-java\docker-java-api\3.2.12\docker-java-api-3.2.12.jar;C:\Users\toadh\.m2\repository\com\fasterxml\jackson\core\jackson-annotations\2.10.3\jackson-annotations-2.10.3.jar;C:\Users\toadh\.m2\repository\commons-io\commons-io\2.6\commons-io-2.6.jar;C:\Users\toadh\.m2\repository\org\apache\commons\commons-compress\1.21\commons-compress-1.21.jar;C:\Users\toadh\.m2\repository\commons-lang\commons-lang\2.6\commons-lang-2.6.jar;C:\Users\toadh\.m2\repository\com\fasterxml\jackson\core\jackson-databind\2.10.3\jackson-databind-2.10.3.jar;C:\Users\toadh\.m2\repository\com\fasterxml\jackson\core\jackson-core\2.10.3\jackson-core-2.10.3.jar;C:\Users\toadh\.m2\repository\org\bouncycastle\bcpkix-jdk15on\1.64\bcpkix-jdk15on-1.64.jar;C:\Users\toadh\.m2\repository\org\bouncycastle\bcprov-jdk15on\1.64\bcprov-jdk15on-1.64.jar;C:\Users\toadh\.m2\repository\org\slf4j\jcl-over-slf4j\1.7.30\jcl-over-slf4j-1.7.30.jar;C:\Users\toadh\.m2\repository\com\github\docker-java\docker-java-transport-httpclient5\3.2.12\docker-java-transport-httpclient5-3.2.12.jar;C:\Users\toadh\.m2\repository\com\github\docker-java\docker-java-transport\3.2.12\docker-java-transport-3.2.12.jar;C:\Users\toadh\.m2\repository\org\apache\httpcomponents\client5\httpclient5\5.0.3\httpclient5-5.0.3.jar;C:\Users\toadh\.m2\repository\org\apache\httpcomponents\core5\httpcore5\5.0.2\httpcore5-5.0.2.jar;C:\Users\toadh\.m2\repository\commons-codec\commons-codec\1.13\commons-codec-1.13.jar;C:\Users\toadh\.m2\repository\net\java\dev\jna\jna\5.8.0\jna-5.8.0.jar;C:\Users\toadh\.m2\repository\org\brotli\dec\0.1.2\dec-0.1.2.jar;C:\Users\toadh\.m2\repository\io\qameta\allure\allure-testng\2.21.0\allure-testng-2.21.0.jar;C:\Users\toadh\.m2\repository\io\qameta\allure\allure-java-commons\2.21.0\allure-java-commons-2.21.0.jar;C:\Users\toadh\.m2\repository\io\qameta\allure\allure-model\2.21.0\allure-model-2.21.0.jar;C:\Users\toadh\.m2\repository\io\qameta\allure\allure-test-filter\2.21.0\allure-test-filter-2.21.0.jar;C:\Users\toadh\.m2\repository\org\aspectj\aspectjweaver\1.9.19\aspectjweaver-1.9.19.jar;"/>
    <property name="java.vm.vendor" value="Oracle Corporation"/>
    <property name="sun.arch.data.model" value="64"/>
    <property name="user.variant" value=""/>
    <property name="java.vendor.url" value="https://java.oracle.com/"/>
    <property name="user.timezone" value="Asia/Calcutta"/>
    <property name="os.name" value="Windows 11"/>
    <property name="java.vm.specification.version" value="17"/>
    <property name="sun.java.launcher" value="SUN_STANDARD"/>
    <property name="user.country" value="IN"/>
    <property name="sun.boot.library.path" value="C:\Program Files\Java\jdk-17\bin"/>
    <property name="sun.java.command" value="C:\Users\toadh\AppData\Local\Temp\surefire2452109808662092384\surefirebooter13191600467361484553.jar C:\Users\toadh\AppData\Local\Temp\surefire2452109808662092384 2023-11-20T13-26-22_887-jvmRun1 surefire6810754309345189065tmp surefire_015866074733585293875tmp"/>
    <property name="jdk.debug" value="release"/>
    <property name="surefire.test.class.path" value="C:\Users\toadh\git\SeleniumTesting\AmazonTesting\amazon\target\test-classes;C:\Users\toadh\git\SeleniumTesting\AmazonTesting\amazon\target\classes;C:\Users\toadh\.m2\repository\org\testng\testng\7.8.0\testng-7.8.0.jar;C:\Users\toadh\.m2\repository\org\slf4j\slf4j-api\1.7.36\slf4j-api-1.7.36.jar;C:\Users\toadh\.m2\repository\com\beust\jcommander\1.82\jcommander-1.82.jar;C:\Users\toadh\.m2\repository\org\webjars\jquery\3.6.1\jquery-3.6.1.jar;C:\Users\toadh\.m2\repository\org\seleniumhq\selenium\selenium-java\4.13.0\selenium-java-4.13.0.jar;C:\Users\toadh\.m2\repository\org\seleniumhq\selenium\selenium-api\4.13.0\selenium-api-4.13.0.jar;C:\Users\toadh\.m2\repository\org\seleniumhq\selenium\selenium-devtools-v115\4.13.0\selenium-devtools-v115-4.13.0.jar;C:\Users\toadh\.m2\repository\org\seleniumhq\selenium\selenium-devtools-v116\4.13.0\selenium-devtools-v116-4.13.0.jar;C:\Users\toadh\.m2\repository\org\seleniumhq\selenium\selenium-devtools-v117\4.13.0\selenium-devtools-v117-4.13.0.jar;C:\Users\toadh\.m2\repository\org\seleniumhq\selenium\selenium-devtools-v85\4.13.0\selenium-devtools-v85-4.13.0.jar;C:\Users\toadh\.m2\repository\org\seleniumhq\selenium\selenium-ie-driver\4.13.0\selenium-ie-driver-4.13.0.jar;C:\Users\toadh\.m2\repository\org\seleniumhq\selenium\selenium-remote-driver\4.13.0\selenium-remote-driver-4.13.0.jar;C:\Users\toadh\.m2\repository\io\netty\netty-buffer\4.1.96.Final\netty-buffer-4.1.96.Final.jar;C:\Users\toadh\.m2\repository\io\netty\netty-codec-http\4.1.96.Final\netty-codec-http-4.1.96.Final.jar;C:\Users\toadh\.m2\repository\io\netty\netty-codec\4.1.96.Final\netty-codec-4.1.96.Final.jar;C:\Users\toadh\.m2\repository\io\netty\netty-handler\4.1.96.Final\netty-handler-4.1.96.Final.jar;C:\Users\toadh\.m2\repository\io\netty\netty-common\4.1.96.Final\netty-common-4.1.96.Final.jar;C:\Users\toadh\.m2\repository\io\netty\netty-transport-classes-epoll\4.1.96.Final\netty-transport-classes-epoll-4.1.96.Final.jar;C:\Users\toadh\.m2\repository\io\netty\netty-transport-classes-kqueue\4.1.96.Final\netty-transport-classes-kqueue-4.1.96.Final.jar;C:\Users\toadh\.m2\repository\io\netty\netty-transport-native-epoll\4.1.96.Final\netty-transport-native-epoll-4.1.96.Final.jar;C:\Users\toadh\.m2\repository\io\netty\netty-transport-native-kqueue\4.1.96.Final\netty-transport-native-kqueue-4.1.96.Final.jar;C:\Users\toadh\.m2\repository\io\netty\netty-transport-native-unix-common\4.1.96.Final\netty-transport-native-unix-common-4.1.96.Final.jar;C:\Users\toadh\.m2\repository\io\netty\netty-transport\4.1.96.Final\netty-transport-4.1.96.Final.jar;C:\Users\toadh\.m2\repository\io\netty\netty-resolver\4.1.96.Final\netty-resolver-4.1.96.Final.jar;C:\Users\toadh\.m2\repository\io\opentelemetry\opentelemetry-api\1.28.0\opentelemetry-api-1.28.0.jar;C:\Users\toadh\.m2\repository\io\opentelemetry\opentelemetry-context\1.28.0\opentelemetry-context-1.28.0.jar;C:\Users\toadh\.m2\repository\io\opentelemetry\opentelemetry-exporter-logging\1.28.0\opentelemetry-exporter-logging-1.28.0.jar;C:\Users\toadh\.m2\repository\io\opentelemetry\opentelemetry-sdk-metrics\1.28.0\opentelemetry-sdk-metrics-1.28.0.jar;C:\Users\toadh\.m2\repository\io\opentelemetry\opentelemetry-extension-incubator\1.28.0-alpha\opentelemetry-extension-incubator-1.28.0-alpha.jar;C:\Users\toadh\.m2\repository\io\opentelemetry\opentelemetry-sdk-logs\1.28.0\opentelemetry-sdk-logs-1.28.0.jar;C:\Users\toadh\.m2\repository\io\opentelemetry\opentelemetry-sdk-common\1.28.0\opentelemetry-sdk-common-1.28.0.jar;C:\Users\toadh\.m2\repository\io\opentelemetry\opentelemetry-sdk-extension-autoconfigure-spi\1.28.0\opentelemetry-sdk-extension-autoconfigure-spi-1.28.0.jar;C:\Users\toadh\.m2\repository\io\opentelemetry\opentelemetry-sdk-extension-autoconfigure\1.28.0\opentelemetry-sdk-extension-autoconfigure-1.28.0.jar;C:\Users\toadh\.m2\repository\io\opentelemetry\opentelemetry-api-events\1.28.0-alpha\opentelemetry-api-events-1.28.0-alpha.jar;C:\Users\toadh\.m2\repository\io\opentelemetry\opentelemetry-sdk-trace\1.28.0\opentelemetry-sdk-trace-1.28.0.jar;C:\Users\toadh\.m2\repository\io\opentelemetry\opentelemetry-sdk\1.28.0\opentelemetry-sdk-1.28.0.jar;C:\Users\toadh\.m2\repository\io\opentelemetry\opentelemetry-semconv\1.28.0-alpha\opentelemetry-semconv-1.28.0-alpha.jar;C:\Users\toadh\.m2\repository\net\bytebuddy\byte-buddy\1.14.5\byte-buddy-1.14.5.jar;C:\Users\toadh\.m2\repository\org\asynchttpclient\async-http-client\2.12.3\async-http-client-2.12.3.jar;C:\Users\toadh\.m2\repository\org\asynchttpclient\async-http-client-netty-utils\2.12.3\async-http-client-netty-utils-2.12.3.jar;C:\Users\toadh\.m2\repository\io\netty\netty-codec-socks\4.1.60.Final\netty-codec-socks-4.1.60.Final.jar;C:\Users\toadh\.m2\repository\io\netty\netty-handler-proxy\4.1.60.Final\netty-handler-proxy-4.1.60.Final.jar;C:\Users\toadh\.m2\repository\io\netty\netty-transport-native-epoll\4.1.60.Final\netty-transport-native-epoll-4.1.60.Final-linux-x86_64.jar;C:\Users\toadh\.m2\repository\io\netty\netty-transport-native-kqueue\4.1.60.Final\netty-transport-native-kqueue-4.1.60.Final-osx-x86_64.jar;C:\Users\toadh\.m2\repository\org\reactivestreams\reactive-streams\1.0.3\reactive-streams-1.0.3.jar;C:\Users\toadh\.m2\repository\com\typesafe\netty\netty-reactive-streams\2.0.4\netty-reactive-streams-2.0.4.jar;C:\Users\toadh\.m2\repository\com\sun\activation\jakarta.activation\1.2.2\jakarta.activation-1.2.2.jar;C:\Users\toadh\.m2\repository\org\seleniumhq\selenium\selenium-os\4.13.0\selenium-os-4.13.0.jar;C:\Users\toadh\.m2\repository\org\apache\commons\commons-exec\1.3\commons-exec-1.3.jar;C:\Users\toadh\.m2\repository\org\seleniumhq\selenium\selenium-safari-driver\4.13.0\selenium-safari-driver-4.13.0.jar;C:\Users\toadh\.m2\repository\org\seleniumhq\selenium\selenium-support\4.13.0\selenium-support-4.13.0.jar;C:\Users\toadh\.m2\repository\org\seleniumhq\selenium\selenium-chrome-driver\4.13.0\selenium-chrome-driver-4.13.0.jar;C:\Users\toadh\.m2\repository\com\google\auto\service\auto-service-annotations\1.1.1\auto-service-annotations-1.1.1.jar;C:\Users\toadh\.m2\repository\com\google\guava\guava\32.1.2-jre\guava-32.1.2-jre.jar;C:\Users\toadh\.m2\repository\com\google\guava\failureaccess\1.0.1\failureaccess-1.0.1.jar;C:\Users\toadh\.m2\repository\com\google\guava\listenablefuture\9999.0-empty-to-avoid-conflict-with-guava\listenablefuture-9999.0-empty-to-avoid-conflict-with-guava.jar;C:\Users\toadh\.m2\repository\com\google\code\findbugs\jsr305\3.0.2\jsr305-3.0.2.jar;C:\Users\toadh\.m2\repository\org\checkerframework\checker-qual\3.33.0\checker-qual-3.33.0.jar;C:\Users\toadh\.m2\repository\com\google\errorprone\error_prone_annotations\2.18.0\error_prone_annotations-2.18.0.jar;C:\Users\toadh\.m2\repository\com\google\j2objc\j2objc-annotations\2.8\j2objc-annotations-2.8.jar;C:\Users\toadh\.m2\repository\org\seleniumhq\selenium\selenium-chromium-driver\4.13.0\selenium-chromium-driver-4.13.0.jar;C:\Users\toadh\.m2\repository\org\seleniumhq\selenium\selenium-json\4.13.0\selenium-json-4.13.0.jar;C:\Users\toadh\.m2\repository\org\seleniumhq\selenium\selenium-manager\4.13.0\selenium-manager-4.13.0.jar;C:\Users\toadh\.m2\repository\org\seleniumhq\selenium\selenium-firefox-driver\4.13.0\selenium-firefox-driver-4.13.0.jar;C:\Users\toadh\.m2\repository\org\seleniumhq\selenium\selenium-http\4.13.0\selenium-http-4.13.0.jar;C:\Users\toadh\.m2\repository\dev\failsafe\failsafe\3.3.2\failsafe-3.3.2.jar;C:\Users\toadh\.m2\repository\org\seleniumhq\selenium\selenium-edge-driver\4.13.0\selenium-edge-driver-4.13.0.jar;C:\Users\toadh\.m2\repository\io\github\bonigarcia\webdrivermanager\5.0.3\webdrivermanager-5.0.3.jar;C:\Users\toadh\.m2\repository\com\google\code\gson\gson\2.8.8\gson-2.8.8.jar;C:\Users\toadh\.m2\repository\org\jsoup\jsoup\1.14.2\jsoup-1.14.2.jar;C:\Users\toadh\.m2\repository\com\github\docker-java\docker-java\3.2.12\docker-java-3.2.12.jar;C:\Users\toadh\.m2\repository\com\github\docker-java\docker-java-core\3.2.12\docker-java-core-3.2.12.jar;C:\Users\toadh\.m2\repository\com\github\docker-java\docker-java-api\3.2.12\docker-java-api-3.2.12.jar;C:\Users\toadh\.m2\repository\com\fasterxml\jackson\core\jackson-annotations\2.10.3\jackson-annotations-2.10.3.jar;C:\Users\toadh\.m2\repository\commons-io\commons-io\2.6\commons-io-2.6.jar;C:\Users\toadh\.m2\repository\org\apache\commons\commons-compress\1.21\commons-compress-1.21.jar;C:\Users\toadh\.m2\repository\commons-lang\commons-lang\2.6\commons-lang-2.6.jar;C:\Users\toadh\.m2\repository\com\fasterxml\jackson\core\jackson-databind\2.10.3\jackson-databind-2.10.3.jar;C:\Users\toadh\.m2\repository\com\fasterxml\jackson\core\jackson-core\2.10.3\jackson-core-2.10.3.jar;C:\Users\toadh\.m2\repository\org\bouncycastle\bcpkix-jdk15on\1.64\bcpkix-jdk15on-1.64.jar;C:\Users\toadh\.m2\repository\org\bouncycastle\bcprov-jdk15on\1.64\bcprov-jdk15on-1.64.jar;C:\Users\toadh\.m2\repository\org\slf4j\jcl-over-slf4j\1.7.30\jcl-over-slf4j-1.7.30.jar;C:\Users\toadh\.m2\repository\com\github\docker-java\docker-java-transport-httpclient5\3.2.12\docker-java-transport-httpclient5-3.2.12.jar;C:\Users\toadh\.m2\repository\com\github\docker-java\docker-java-transport\3.2.12\docker-java-transport-3.2.12.jar;C:\Users\toadh\.m2\repository\org\apache\httpcomponents\client5\httpclient5\5.0.3\httpclient5-5.0.3.jar;C:\Users\toadh\.m2\repository\org\apache\httpcomponents\core5\httpcore5\5.0.2\httpcore5-5.0.2.jar;C:\Users\toadh\.m2\repository\commons-codec\commons-codec\1.13\commons-codec-1.13.jar;C:\Users\toadh\.m2\repository\net\java\dev\jna\jna\5.8.0\jna-5.8.0.jar;C:\Users\toadh\.m2\repository\org\brotli\dec\0.1.2\dec-0.1.2.jar;C:\Users\toadh\.m2\repository\io\qameta\allure\allure-testng\2.21.0\allure-testng-2.21.0.jar;C:\Users\toadh\.m2\repository\io\qameta\allure\allure-java-commons\2.21.0\allure-java-commons-2.21.0.jar;C:\Users\toadh\.m2\repository\io\qameta\allure\allure-model\2.21.0\allure-model-2.21.0.jar;C:\Users\toadh\.m2\repository\io\qameta\allure\allure-test-filter\2.21.0\allure-test-filter-2.21.0.jar;C:\Users\toadh\.m2\repository\org\aspectj\aspectjweaver\1.9.19\aspectjweaver-1.9.19.jar;"/>
    <property name="sun.cpu.endian" value="little"/>
    <property name="user.home" value="C:\Users\toadh"/>
    <property name="user.language" value="en"/>
    <property name="java.specification.vendor" value="Oracle Corporation"/>
    <property name="java.version.date" value="2023-04-18"/>
    <property name="java.home" value="C:\Program Files\Java\jdk-17"/>
    <property name="file.separator" value="\"/>
    <property name="basedir" value="C:\Users\toadh\git\SeleniumTesting\AmazonTesting\amazon"/>
    <property name="java.vm.compressedOopsMode" value="Zero based"/>
    <property name="line.separator" value="&#10;"/>
    <property name="java.vm.specification.vendor" value="Oracle Corporation"/>
    <property name="java.specification.name" value="Java Platform API Specification"/>
    <property name="surefire.real.class.path" value="C:\Users\toadh\AppData\Local\Temp\surefire2452109808662092384\surefirebooter13191600467361484553.jar"/>
    <property name="user.script" value=""/>
    <property name="sun.management.compiler" value="HotSpot 64-Bit Tiered Compilers"/>
    <property name="java.runtime.version" value="17.0.7+8-LTS-224"/>
    <property name="user.name" value="toadh"/>
    <property name="path.separator" value=";"/>
    <property name="os.version" value="10.0"/>
    <property name="java.runtime.name" value="Java(TM) SE Runtime Environment"/>
    <property name="file.encoding" value="Cp1252"/>
    <property name="java.vm.name" value="Java HotSpot(TM) 64-Bit Server VM"/>
    <property name="localRepository" value="C:\Users\toadh\.m2\repository"/>
    <property name="java.vendor.url.bug" value="https://bugreport.java.com/bugreport/"/>
    <property name="java.io.tmpdir" value="C:\Users\toadh\AppData\Local\Temp\"/>
    <property name="java.version" value="17.0.7"/>
    <property name="user.dir" value="C:\Users\toadh\git\SeleniumTesting\AmazonTesting\amazon"/>
    <property name="os.arch" value="amd64"/>
    <property name="java.vm.specification.name" value="Java Virtual Machine Specification"/>
    <property name="sun.os.patch.level" value=""/>
    <property name="native.encoding" value="Cp1252"/>
    <property name="java.library.path" value="C:\Program Files\Java\jdk-17\bin;C:\WINDOWS\Sun\Java\bin;C:\WINDOWS\system32;C:\WINDOWS;C:\Python311\Scripts\;C:\Python311\;C:\Program Files\Common Files\amazon-corretto-17.0.7.7.1-windows-x64-jdk\jdk17.0.7_7\bin;C:\WINDOWS\system32;C:\WINDOWS;C:\WINDOWS\System32\Wbem;C:\WINDOWS\System32\WindowsPowerShell\v1.0\;C:\WINDOWS\System32\OpenSSH\;C:\Program Files\nodejs\;C:\ProgramData\chocolatey\bin;C:\Program Files\Git\cmd;C:\Users\toadh\mongosh-1.10.1-win32-x64\bin;C:\Users\toadh\apache-maven-3.9.4\bin;C:\Users\toadh\certs;C:\Program Files\Amazon\AWSCLIV2\;C:\Users\toadh\allure-2.21.0\bin;C:\Users\toadh\AppData\Local\Microsoft\WindowsApps;C:\Users\toadh\AppData\Local\GitHubDesktop\bin;C:\Users\toadh\AppData\Roaming\npm;C:\Users\toadh\AppData\Local\Programs\Microsoft VS Code\bin;."/>
    <property name="java.vm.info" value="mixed mode, sharing"/>
    <property name="java.vendor" value="Oracle Corporation"/>
    <property name="java.vm.version" value="17.0.7+8-LTS-224"/>
    <property name="sun.io.unicode.encoding" value="UnicodeLittle"/>
    <property name="java.class.version" value="61.0"/>
  </properties>
  <testcase name="signUpWithEmptyCredTest[, , , , signUpWithEmptyCredTest](1)" classname="com.testing.amazon.tests.functional.SignUpTest" time="0.695">
    <system-out><![CDATA[Test
org.openqa.selenium.chrome.ChromeDriver
Amazon Registration
Test Method: signUpWithEmptyCredTest
Test Description: Verify that the signUp process should not proceed to next step with empty cred and also checking that proper error message displayed.
Test Status: PASSED

Parameters:
Username: 
Phone number/Email-id: 
Password: 
Re-enter Password: 
methodName: signUpWithEmptyCredTest


Taking Screen shot
]]></system-out>
    <system-err><![CDATA[SLF4J: Failed to load class "org.slf4j.impl.StaticLoggerBinder".
SLF4J: Defaulting to no-operation (NOP) logger implementation
SLF4J: See http://www.slf4j.org/codes.html#StaticLoggerBinder for further details.
Nov 20, 2023 1:26:28 PM org.openqa.selenium.devtools.CdpVersionFinder findNearestMatch
WARNING: Unable to find an exact match for CDP version 119, so returning the closest version found: 117
]]></system-err>
  </testcase>
  <testcase name="signUpWithInvalidEmailTest[Abinaya, 4545df, 123456, 123456, signUpWithInvalidEmailTest](1)" classname="com.testing.amazon.tests.functional.SignUpTest" time="0.676">
    <system-out><![CDATA[Test
org.openqa.selenium.chrome.ChromeDriver
Amazon Registration
Test MethodAmazon Registration
Test Method: signUpWithInvalidEmailTest
Test Description: Verify that the signUp process should not proceed to next step with invalid email-id and also checking that proper error message displayed.
Test Status: PASSED

Parameters:
Username: Abinaya
Phone number/Email-id: 4545df
Password: 123456
Re-enter Password: 123456
methodName: signUpWithInvalidEmailTest


Taking Screen shot
]]></system-out>
    <system-err><![CDATA[Nov 20, 2023 1:26:44 PM org.openqa.selenium.devtools.CdpVersionFinder findNearestMatch
WARNING: Unable to find an exact match for CDP version 119, so returning the closest version found: 117
]]></system-err>
  </testcase>
  <testcase name="signUpWithInvalidEmailTest[Abinaya, invalid_email.com, 123456, 123456, signUpWithInvalidEmailTest](2)" classname="com.testing.amazon.tests.functional.SignUpTest" time="0.857">
    <system-out><![CDATA[Test
org.openqa.selenium.chrome.ChromeDriver
Amazon Registration
Test MethodAmazon Registration
Test Method: signUpWithInvalidEmailTest
Test Description: Verify that the signUp process should not proceed to next step with invalid email-id and also checking that proper error message displayed.
Test Status: PASSED

Parameters:
Username: Abinaya
Phone number/Email-id: invalid_email.com
Password: 123456
Re-enter Password: 123456
methodName: signUpWithInvalidEmailTest


Taking Screen shot
]]></system-out>
    <system-err><![CDATA[Nov 20, 2023 1:27:00 PM org.openqa.selenium.devtools.CdpVersionFinder findNearestMatch
WARNING: Unable to find an exact match for CDP version 119, so returning the closest version found: 117
]]></system-err>
  </testcase>
  <testcase name="signUpWithInvalidEmailTest[Abinaya, @invalidemail.com, 123456, 123456, signUpWithInvalidEmailTest](3)" classname="com.testing.amazon.tests.functional.SignUpTest" time="1.066">
    <system-out><![CDATA[Test
org.openqa.selenium.chrome.ChromeDriver
Amazon Registration
Test MethodAmazon Registration
Test Method: signUpWithInvalidEmailTest
Test Description: Verify that the signUp process should not proceed to next step with invalid email-id and also checking that proper error message displayed.
Test Status: PASSED

Parameters:
Username: Abinaya
Phone number/Email-id: @invalidemail.com
Password: 123456
Re-enter Password: 123456
methodName: signUpWithInvalidEmailTest


Taking Screen shot
]]></system-out>
    <system-err><![CDATA[Nov 20, 2023 1:27:13 PM org.openqa.selenium.devtools.CdpVersionFinder findNearestMatch
WARNING: Unable to find an exact match for CDP version 119, so returning the closest version found: 117
]]></system-err>
  </testcase>
  <testcase name="signUpWithInvalidEmailTest[Abinaya, invalid@domain., 123456, 123456, signUpWithInvalidEmailTest](4)" classname="com.testing.amazon.tests.functional.SignUpTest" time="0.819">
    <system-out><![CDATA[Test
org.openqa.selenium.chrome.ChromeDriver
Amazon Registration
Test MethodAmazon Registration
Test Method: signUpWithInvalidEmailTest
Test Description: Verify that the signUp process should not proceed to next step with invalid email-id and also checking that proper error message displayed.
Test Status: PASSED

Parameters:
Username: Abinaya
Phone number/Email-id: invalid@domain.
Password: 123456
Re-enter Password: 123456
methodName: signUpWithInvalidEmailTest


Taking Screen shot
]]></system-out>
    <system-err><![CDATA[Nov 20, 2023 1:27:37 PM org.openqa.selenium.devtools.CdpVersionFinder findNearestMatch
WARNING: Unable to find an exact match for CDP version 119, so returning the closest version found: 117
]]></system-err>
  </testcase>
  <testcase name="signUpWithInvalidPasswordCheckTest[Goodwill, tamil@gmail.com, 123456d, 123456ds, signUpWithInvalidPasswordCheckTest](1)" classname="com.testing.amazon.tests.functional.SignUpTest" time="0.847">
    <system-out><![CDATA[Test
org.openqa.selenium.chrome.ChromeDriver
Amazon Registration
signUpWithInvalidPasswordCheckTest Amazon Registration
Test Method: signUpWithInvalidPasswordCheckTest
Test Description: Verify that the signUp process should not proceed to next step with invalid re-enter password and also checking that proper error message displayed.
Test Status: PASSED

Parameters:
Username: Goodwill
Phone number/Email-id: tamil@gmail.com
Password: 123456d
Re-enter Password: 123456ds
methodName: signUpWithInvalidPasswordCheckTest


Taking Screen shot
]]></system-out>
    <system-err><![CDATA[Nov 20, 2023 1:27:52 PM org.openqa.selenium.devtools.CdpVersionFinder findNearestMatch
WARNING: Unable to find an exact match for CDP version 119, so returning the closest version found: 117
]]></system-err>
  </testcase>
  <testcase name="signUpWithInvalidPasswordCheckTest[Goodwill, tamil@gmail.com, 11456dcv, 11456sdcv, signUpWithInvalidPasswordCheckTest](2)" classname="com.testing.amazon.tests.functional.SignUpTest" time="0.572">
    <system-out><![CDATA[Test
org.openqa.selenium.chrome.ChromeDriver
Amazon Registration
signUpWithInvalidPasswordCheckTest Amazon Registration
Test Method: signUpWithInvalidPasswordCheckTest
Test Description: Verify that the signUp process should not proceed to next step with invalid re-enter password and also checking that proper error message displayed.
Test Status: PASSED

Parameters:
Username: Goodwill
Phone number/Email-id: tamil@gmail.com
Password: 11456dcv
Re-enter Password: 11456sdcv
methodName: signUpWithInvalidPasswordCheckTest


Taking Screen shot
]]></system-out>
    <system-err><![CDATA[Nov 20, 2023 1:28:11 PM org.openqa.selenium.devtools.CdpVersionFinder findNearestMatch
WARNING: Unable to find an exact match for CDP version 119, so returning the closest version found: 117
]]></system-err>
  </testcase>
  <testcase name="signUpWithInvalidPasswordTest[Goodwill, tamil@gmail.com, sd, , signUpWithInvalidPasswordTest](1)" classname="com.testing.amazon.tests.functional.SignUpTest" time="0.659">
    <system-out><![CDATA[Test
org.openqa.selenium.chrome.ChromeDriver
Amazon Registration
signUpWithInvalidPasswordTest Amazon Registration
Test Method: signUpWithInvalidPasswordTest
Test Description: Verify that the signUp process should not proceed to next step with invalid password and also checking that proper error message displayed.
Test Status: PASSED

Parameters:
Username: Goodwill
Phone number/Email-id: tamil@gmail.com
Password: sd
Re-enter Password: 
methodName: signUpWithInvalidPasswordTest


Taking Screen shot
]]></system-out>
    <system-err><![CDATA[Nov 20, 2023 1:28:26 PM org.openqa.selenium.devtools.CdpVersionFinder findNearestMatch
WARNING: Unable to find an exact match for CDP version 119, so returning the closest version found: 117
]]></system-err>
  </testcase>
  <testcase name="signUpWithInvalidPasswordTest[Goodwill, tamil@gmail.com, 123, , signUpWithInvalidPasswordTest](2)" classname="com.testing.amazon.tests.functional.SignUpTest" time="0.644">
    <system-out><![CDATA[Test
org.openqa.selenium.chrome.ChromeDriver
Amazon Registration
signUpWithInvalidPasswordTest Amazon Registration
Test Method: signUpWithInvalidPasswordTest
Test Description: Verify that the signUp process should not proceed to next step with invalid password and also checking that proper error message displayed.
Test Status: PASSED

Parameters:
Username: Goodwill
Phone number/Email-id: tamil@gmail.com
Password: 123
Re-enter Password: 
methodName: signUpWithInvalidPasswordTest


Taking Screen shot
]]></system-out>
    <system-err><![CDATA[Nov 20, 2023 1:28:41 PM org.openqa.selenium.devtools.CdpVersionFinder findNearestMatch
WARNING: Unable to find an exact match for CDP version 119, so returning the closest version found: 117
]]></system-err>
  </testcase>
  <testcase name="signUpWithInvalidPhoneNumberTest[Adhithya, +91-8485465416531, 123456, 123456, signUpWithInvalidPhoneNumberTest](1)" classname="com.testing.amazon.tests.functional.SignUpTest" time="16.064">
    <failure message="Going to next step of signUp after entering invalid Mobile number. expected [Please enter a valid mobile phone number with area code.] but found [Amazon Phone Verification]" type="java.lang.AssertionError"><![CDATA[java.lang.AssertionError: Going to next step of signUp after entering invalid Mobile number. expected [Please enter a valid mobile phone number with area code.] but found [Amazon Phone Verification]
	at com.testing.amazon.tests.functional.SignUpTest.signUpWithInvalidPhoneNumberTest(SignUpTest.java:137)
]]></failure>
    <system-out><![CDATA[Test
org.openqa.selenium.chrome.ChromeDriver
Amazon Registration
Test Captcha Authentication required
Please solve the captcha and press Enter once done.
Captcha Resolved Amazon Phone Verification
Amazon Phone Verification
Taking Screen shot
]]></system-out>
    <system-err><![CDATA[Nov 20, 2023 1:28:58 PM org.openqa.selenium.devtools.CdpVersionFinder findNearestMatch
WARNING: Unable to find an exact match for CDP version 119, so returning the closest version found: 117
]]></system-err>
  </testcase>
  <testcase name="signUpWithInvalidPhoneNumberTest[Abinaya, 11, 123456, 123456, signUpWithInvalidPhoneNumberTest](2)" classname="com.testing.amazon.tests.functional.SignUpTest" time="25.235">
    <system-out><![CDATA[Test
org.openqa.selenium.chrome.ChromeDriver
Amazon Registration
Test Captcha Authentication required
Please solve the captcha and press Enter once done.
Captcha Resolved Amazon Registration
Amazon Registration
Test Method: signUpWithInvalidPhoneNumberTest
Test Description: Verify that the signUp process should not proceed to next step with invalid phone Number and also checking that proper error message displayed.
Test Status: PASSED

Parameters:
Username: Abinaya
Phone number/Email-id: 11
Password: 123456
Re-enter Password: 123456
methodName: signUpWithInvalidPhoneNumberTest


Taking Screen shot
]]></system-out>
    <system-err><![CDATA[Nov 20, 2023 1:29:29 PM org.openqa.selenium.devtools.CdpVersionFinder findNearestMatch
WARNING: Unable to find an exact match for CDP version 119, so returning the closest version found: 117
]]></system-err>
  </testcase>
  <testcase name="signUpWithInvalidPhoneNumberTest[Abinaya, 100000000000, 123456, 123456, signUpWithInvalidPhoneNumberTest](3)" classname="com.testing.amazon.tests.functional.SignUpTest" time="90.106">
    <system-out><![CDATA[Test
org.openqa.selenium.chrome.ChromeDriver
Amazon Registration
Test Captcha Authentication required
Please solve the captcha and press Enter once done.
Captcha Resolved Amazon Registration
Amazon Registration
Test Method: signUpWithInvalidPhoneNumberTest
Test Description: Verify that the signUp process should not proceed to next step with invalid phone Number and also checking that proper error message displayed.
Test Status: PASSED

Parameters:
Username: Abinaya
Phone number/Email-id: 100000000000
Password: 123456
Re-enter Password: 123456
methodName: signUpWithInvalidPhoneNumberTest


Taking Screen shot
]]></system-out>
    <system-err><![CDATA[Nov 20, 2023 1:30:09 PM org.openqa.selenium.devtools.CdpVersionFinder findNearestMatch
WARNING: Unable to find an exact match for CDP version 119, so returning the closest version found: 117
]]></system-err>
  </testcase>
  <testcase name="signUpWithInvalidUserNameTest[â€¦, +15736484306, 123456, 123456, signUpWithInvalidUserNameTest](1)" classname="com.testing.amazon.tests.functional.SignUpTest" time="1.428">
    <system-out><![CDATA[Test
org.openqa.selenium.chrome.ChromeDriver
Amazon Registration
Amazon Registration
Test Captcha Amazon Registration
Amazon Registration
Test Method: signUpWithInvalidUserNameTest
Test Description: Verify that the signUp process should not proceed to next step with invalid user name.
Test Status: PASSED

Parameters:
Username: â€¦
Phone number/Email-id: +15736484306
Password: 123456
Re-enter Password: 123456
methodName: signUpWithInvalidUserNameTest


Taking Screen shot
]]></system-out>
    <system-err><![CDATA[Nov 20, 2023 1:31:53 PM org.openqa.selenium.devtools.CdpVersionFinder findNearestMatch
WARNING: Unable to find an exact match for CDP version 119, so returning the closest version found: 117
]]></system-err>
  </testcase>
  <testcase name="signUpWithInvalidUserNameTest[123456, +15736484306, 123456, 123456, signUpWithInvalidUserNameTest](2)" classname="com.testing.amazon.tests.functional.SignUpTest" time="20.262">
    <failure message="Going to next step of signUp after entering invalid user name. did not expect [Amazon Phone Verification] but found [Amazon Phone Verification]" type="java.lang.AssertionError"><![CDATA[java.lang.AssertionError: Going to next step of signUp after entering invalid user name. did not expect [Amazon Phone Verification] but found [Amazon Phone Verification]
	at com.testing.amazon.tests.functional.SignUpTest.signUpWithInvalidUserNameTest(SignUpTest.java:107)
]]></failure>
    <system-out><![CDATA[Test
org.openqa.selenium.chrome.ChromeDriver
Amazon Registration
Amazon Registration
Test Captcha Authentication required
Please solve the captcha and press Enter once done.
Captcha Resolved Amazon Phone Verification
Amazon Phone Verification
Taking Screen shot
]]></system-out>
    <system-err><![CDATA[Nov 20, 2023 1:32:11 PM org.openqa.selenium.devtools.CdpVersionFinder findNearestMatch
WARNING: Unable to find an exact match for CDP version 119, so returning the closest version found: 117
]]></system-err>
  </testcase>
</testsuite>