<?xml version="1.0" encoding="UTF-8"?>
<!-- Generated by org.testng.reporters.JUnitXMLReporter -->
<testsuite ignored="5" hostname="The-Beast" failures="0" tests="1" name="Default test" time="0.137" errors="0" timestamp="2023-11-19T09:57:55 IST">
  <testcase classname="com.testing.amazon.tests.functional.FunctionalBaseTest" name="@BeforeMethod setUpBrowserTest" time="-1.700368075592E9">
    <failure type="org.testng.TestNGException" message="
Parameter &amp;apos;browser&amp;apos; is required by BeforeMethod on method setUpBrowserTest but has not been marked @Optional or defined
in C:\Users\toadh\AppData\Local\Temp\testng-eclipse-1674773621\testng-customsuite.xml">
      <![CDATA[org.testng.TestNGException: 
Parameter 'browser' is required by BeforeMethod on method setUpBrowserTest but has not been marked @Optional or defined
in C:\Users\toadh\AppData\Local\Temp\testng-eclipse-1674773621\testng-customsuite.xml
at org.testng.internal.Parameters.createParams(Parameters.java:267)
at org.testng.internal.Parameters.createParametersForMethod(Parameters.java:355)
at org.testng.internal.Parameters.createParameters(Parameters.java:684)
at org.testng.internal.Parameters.createConfigurationParameters(Parameters.java:166)
at org.testng.internal.invokers.ConfigInvoker.invokeConfigurations(ConfigInvoker.java:306)
at org.testng.internal.invokers.TestInvoker.runConfigMethods(TestInvoker.java:810)
at org.testng.internal.invokers.TestInvoker.invokeMethod(TestInvoker.java:577)
at org.testng.internal.invokers.TestInvoker.invokeTestMethod(TestInvoker.java:227)
at org.testng.internal.invokers.MethodRunner.runInSequence(MethodRunner.java:50)
at org.testng.internal.invokers.TestInvoker$MethodInvocationAgent.invoke(TestInvoker.java:957)
at org.testng.internal.invokers.TestInvoker.invokeTestMethods(TestInvoker.java:200)
at org.testng.internal.invokers.TestMethodWorker.invokeTestMethods(TestMethodWorker.java:148)
at org.testng.internal.invokers.TestMethodWorker.run(TestMethodWorker.java:128)
at java.base/java.util.ArrayList.forEach(ArrayList.java:1511)
at org.testng.TestRunner.privateRun(TestRunner.java:848)
at org.testng.TestRunner.run(TestRunner.java:621)
at org.testng.SuiteRunner.runTest(SuiteRunner.java:443)
at org.testng.SuiteRunner.runSequentially(SuiteRunner.java:437)
at org.testng.SuiteRunner.privateRun(SuiteRunner.java:397)
at org.testng.SuiteRunner.run(SuiteRunner.java:336)
at org.testng.SuiteRunnerWorker.runSuite(SuiteRunnerWorker.java:52)
at org.testng.SuiteRunnerWorker.run(SuiteRunnerWorker.java:95)
at org.testng.TestNG.runSuitesSequentially(TestNG.java:1280)
at org.testng.TestNG.runSuitesLocally(TestNG.java:1200)
at org.testng.TestNG.runSuites(TestNG.java:1114)
at org.testng.TestNG.run(TestNG.java:1082)
at org.testng.remote.AbstractRemoteTestNG.run(AbstractRemoteTestNG.java:115)
at org.testng.remote.RemoteTestNG.initAndRun(RemoteTestNG.java:251)
at org.testng.remote.RemoteTestNG.main(RemoteTestNG.java:77)
]]>
    </failure>
  </testcase> <!-- @BeforeMethod setUpBrowserTest -->
  <testcase classname="com.testing.amazon.tests.functional.SignUpTest" name="@BeforeMethod setUpSignUpPage" time="0.0">
    <skipped/>
  </testcase> <!-- @BeforeMethod setUpSignUpPage -->
  <testcase classname="com.testing.amazon.tests.functional.FunctionalBaseTest" name="@AfterMethod tearDownTest" time="0.0">
    <skipped/>
  </testcase> <!-- @AfterMethod tearDownTest -->
  <testcase classname="com.testing.amazon.tests.functional.SignUpTest" name="signUpWithEmptyCredTest" time="0.0">
    <skipped/>
  </testcase> <!-- signUpWithEmptyCredTest -->
  <testcase classname="com.testing.amazon.tests.functional.SignUpTest" name="signUpWithInvalidPhoneNumberTest" time="0.0">
    <ignored/>
  </testcase> <!-- signUpWithInvalidPhoneNumberTest -->
  <testcase classname="com.testing.amazon.tests.functional.SignUpTest" name="signUpWithInvalidUserNameTest" time="0.0">
    <ignored/>
  </testcase> <!-- signUpWithInvalidUserNameTest -->
  <testcase classname="com.testing.amazon.tests.functional.SignUpTest" name="signUpWithInvalidEmailTest" time="0.0">
    <ignored/>
  </testcase> <!-- signUpWithInvalidEmailTest -->
  <testcase classname="com.testing.amazon.tests.functional.SignUpTest" name="signUpWithInvalidPasswordTest" time="0.0">
    <ignored/>
  </testcase> <!-- signUpWithInvalidPasswordTest -->
  <testcase classname="com.testing.amazon.tests.functional.SignUpTest" name="signUpWithInvalidPasswordCheckTest" time="0.0">
    <ignored/>
  </testcase> <!-- signUpWithInvalidPasswordCheckTest -->
</testsuite> <!-- Default test -->
